# JRE version: OpenJDK Runtime Environment Temurin-21.0.10+7 (21.0.10+7) (build 21.0.10+7-LTS)
# Java VM: OpenJDK 64-Bit Server VM Temurin-21.0.10+7 (21.0.10+7-LTS, mixed mode, sharing, tiered, compressed oops, compressed class ptrs, g1 gc, windows-amd64)
GC Precious Log:
 CardTable entry size: 512
 Card Set container configuration: InlinePtr #cards 5 size 8 Array Of Cards #cards 12 size 40 Howl #buckets 4 coarsen threshold 1843 Howl Bitmap #cards 512 size 80 coarsen threshold 460 Card regions per heap region 1 cards per card region 2048
 CPUs: 16 total, 16 available
 Memory: 16202M
 Large Page Support: Disabled
 NUMA Support: Disabled
 Compressed Oops: Enabled (32-bit)
 Heap Region Size: 1M
 Heap Min Capacity: 8M
 Heap Initial Capacity: 254M
 Heap Max Capacity: 1G
 Pre-touch: Disabled
 Parallel Workers: 13
 Concurrent Workers: 3
 Concurrent Refinement Workers: 13
 Periodic GC: Disabled
Heap:
 garbage-first heap   total 144384K, used 116994K [0x00000000c0000000, 0x0000000100000000)
  region size 1024K, 15 young (15360K), 3 survivors (3072K)
 Metaspace       used 81948K, committed 84032K, reserved 557056K
  class space    used 11656K, committed 12672K, reserved 425984K
GC Heap History (20 events):
Event: 10.912 GC heap before
{Heap before GC invocations=25 (full 0):
 garbage-first heap   total 107520K, used 97072K [0x00000000c0000000, 0x0000000100000000)
  region size 1024K, 38 young (38912K), 5 survivors (5120K)
 Metaspace       used 68906K, committed 70976K, reserved 491520K
  class space    used 10086K, committed 11072K, reserved 425984K
}
Event: 10.916 GC heap after
{Heap after GC invocations=26 (full 0):
 garbage-first heap   total 107520K, used 66903K [0x00000000c0000000, 0x0000000100000000)
  region size 1024K, 3 young (3072K), 3 survivors (3072K)
 Metaspace       used 68906K, committed 70976K, reserved 491520K
  class space    used 10086K, committed 11072K, reserved 425984K
}
Event: 11.388 GC heap before
{Heap before GC invocations=27 (full 0):
 garbage-first heap   total 112640K, used 97623K [0x00000000c0000000, 0x0000000100000000)
  region size 1024K, 34 young (34816K), 3 survivors (3072K)
 Metaspace       used 71026K, committed 73088K, reserved 491520K
  class space    used 10452K, committed 11456K, reserved 425984K
}
Event: 11.391 GC heap after
{Heap after GC invocations=28 (full 0):
 garbage-first heap   total 112640K, used 70983K [0x00000000c0000000, 0x0000000100000000)
  region size 1024K, 5 young (5120K), 5 survivors (5120K)
 Metaspace       used 71026K, committed 73088K, reserved 491520K
  class space    used 10452K, committed 11456K, reserved 425984K
}
Event: 11.921 GC heap before
{Heap before GC invocations=28 (full 0):
 garbage-first heap   total 112640K, used 101703K [0x00000000c0000000, 0x0000000100000000)
  region size 1024K, 36 young (36864K), 5 survivors (5120K)
 Metaspace       used 72179K, committed 74240K, reserved 491520K
  class space    used 10588K, committed 11584K, reserved 425984K
}
Event: 11.925 GC heap after
{Heap after GC invocations=29 (full 0):
 garbage-first heap   total 114688K, used 75246K [0x00000000c0000000, 0x0000000100000000)
  region size 1024K, 5 young (5120K), 5 survivors (5120K)
 Metaspace       used 72179K, committed 74240K, reserved 491520K
  class space    used 10588K, committed 11584K, reserved 425984K
}
Event: 12.393 GC heap before
{Heap before GC invocations=29 (full 0):
 garbage-first heap   total 114688K, used 102894K [0x00000000c0000000, 0x0000000100000000)
  region size 1024K, 33 young (33792K), 5 survivors (5120K)
 Metaspace       used 72369K, committed 74368K, reserved 491520K
  class space    used 10597K, committed 11584K, reserved 425984K
}
Event: 12.397 GC heap after
{Heap after GC invocations=30 (full 0):
 garbage-first heap   total 114688K, used 77888K [0x00000000c0000000, 0x0000000100000000)
  region size 1024K, 4 young (4096K), 4 survivors (4096K)
 Metaspace       used 72369K, committed 74368K, reserved 491520K
  class space    used 10597K, committed 11584K, reserved 425984K
}
Event: 12.938 GC heap before
{Heap before GC invocations=31 (full 0):
 garbage-first heap   total 132096K, used 103488K [0x00000000c0000000, 0x0000000100000000)
  region size 1024K, 30 young (30720K), 4 survivors (4096K)
 Metaspace       used 72375K, committed 74368K, reserved 491520K
  class space    used 10598K, committed 11584K, reserved 425984K
}
Event: 12.941 GC heap after
{Heap after GC invocations=32 (full 0):
 garbage-first heap   total 132096K, used 78777K [0x00000000c0000000, 0x0000000100000000)
  region size 1024K, 4 young (4096K), 4 survivors (4096K)
 Metaspace       used 72375K, committed 74368K, reserved 491520K
  class space    used 10598K, committed 11584K, reserved 425984K
}
Event: 13.504 GC heap before
{Heap before GC invocations=32 (full 0):
 garbage-first heap   total 132096K, used 119737K [0x00000000c0000000, 0x0000000100000000)
  region size 1024K, 44 young (45056K), 4 survivors (4096K)
 Metaspace       used 72392K, committed 74432K, reserved 491520K
  class space    used 10601K, committed 11584K, reserved 425984K
}
Event: 13.507 GC heap after
{Heap after GC invocations=33 (full 0):
 garbage-first heap   total 132096K, used 78857K [0x00000000c0000000, 0x0000000100000000)
  region size 1024K, 5 young (5120K), 5 survivors (5120K)
 Metaspace       used 72392K, committed 74432K, reserved 491520K
  class space    used 10601K, committed 11584K, reserved 425984K
}
Event: 13.888 GC heap before
{Heap before GC invocations=33 (full 0):
 garbage-first heap   total 132096K, used 112649K [0x00000000c0000000, 0x0000000100000000)
  region size 1024K, 39 young (39936K), 5 survivors (5120K)
 Metaspace       used 73209K, committed 75264K, reserved 491520K
  class space    used 10700K, committed 11712K, reserved 425984K
}
Event: 13.891 GC heap after
{Heap after GC invocations=34 (full 0):
 garbage-first heap   total 132096K, used 81039K [0x00000000c0000000, 0x0000000100000000)
  region size 1024K, 5 young (5120K), 5 survivors (5120K)
 Metaspace       used 73209K, committed 75264K, reserved 491520K
  class space    used 10700K, committed 11712K, reserved 425984K
}
Event: 14.399 GC heap before
{Heap before GC invocations=35 (full 0):
 garbage-first heap   total 140288K, used 130191K [0x00000000c0000000, 0x0000000100000000)
  region size 1024K, 43 young (44032K), 5 survivors (5120K)
 Metaspace       used 74906K, committed 76928K, reserved 491520K
  class space    used 10918K, committed 11904K, reserved 425984K
}
Event: 14.403 GC heap after
{Heap after GC invocations=36 (full 0):
 garbage-first heap   total 144384K, used 99328K [0x00000000c0000000, 0x0000000100000000)
  region size 1024K, 6 young (6144K), 6 survivors (6144K)
 Metaspace       used 74906K, committed 76928K, reserved 491520K
  class space    used 10918K, committed 11904K, reserved 425984K
}
Event: 14.685 GC heap before
{Heap before GC invocations=36 (full 0):
 garbage-first heap   total 144384K, used 132096K [0x00000000c0000000, 0x0000000100000000)
  region size 1024K, 38 young (38912K), 6 survivors (6144K)
 Metaspace       used 78032K, committed 80128K, reserved 557056K
  class space    used 11251K, committed 12288K, reserved 425984K
}
Event: 14.688 GC heap after
{Heap after GC invocations=37 (full 0):
 garbage-first heap   total 144384K, used 100017K [0x00000000c0000000, 0x0000000100000000)
  region size 1024K, 2 young (2048K), 2 survivors (2048K)
 Metaspace       used 78032K, committed 80128K, reserved 557056K
  class space    used 11251K, committed 12288K, reserved 425984K
}
Event: 14.961 GC heap before
{Heap before GC invocations=37 (full 0):
 garbage-first heap   total 144384K, used 132785K [0x00000000c0000000, 0x0000000100000000)
  region size 1024K, 34 young (34816K), 2 survivors (2048K)
 Metaspace       used 81940K, committed 84032K, reserved 557056K
  class space    used 11656K, committed 12672K, reserved 425984K
}
Event: 14.964 GC heap after
{Heap after GC invocations=38 (full 0):
 garbage-first heap   total 144384K, used 101634K [0x00000000c0000000, 0x0000000100000000)
  region size 1024K, 3 young (3072K), 3 survivors (3072K)
 Metaspace       used 81940K, committed 84032K, reserved 557056K
  class space    used 11656K, committed 12672K, reserved 425984K
}

