# JRE version: OpenJDK Runtime Environment Temurin-21.0.10+7 (21.0.10+7) (build 21.0.10+7-LTS)
# Java VM: OpenJDK 64-Bit Server VM Temurin-21.0.10+7 (21.0.10+7-LTS, mixed mode, sharing, tiered, compressed oops, compressed class ptrs, parallel gc, windows-amd64)
GC Precious Log:
 CardTable entry size: 512
 CPUs: 16 total, 16 available
 Memory: 16202M
 Large Page Support: Disabled
 NUMA Support: Disabled
 Compressed Oops: Enabled (32-bit)
 Alignments: Space 512K, Generation 512K, Heap 2M
 Heap Min Capacity: 100M
 Heap Initial Capacity: 100M
 Heap Max Capacity: 2G
 Pre-touch: Disabled
 Parallel Workers: 13
Heap:
 PSYoungGen      total 13312K, used 13296K [0x00000000d5580000, 0x00000000d7580000, 0x0000000100000000)
  eden space 12288K, 100% used [0x00000000d5580000,0x00000000d6180000,0x00000000d6180000)
  from space 1024K, 98% used [0x00000000d6880000,0x00000000d697c248,0x00000000d6980000)
  to   space 7168K, 0% used [0x00000000d6180000,0x00000000d6188000,0x00000000d6880000)
 ParOldGen       total 104960K, used 104955K [0x0000000080000000, 0x0000000086680000, 0x00000000d5580000)
  object space 104960K, 99% used [0x0000000080000000,0x000000008667ef30,0x0000000086680000)
 Metaspace       used 63453K, committed 65088K, reserved 1114112K
  class space    used 7267K, committed 8000K, reserved 1048576K
GC Heap History (20 events):
Event: 45.876 GC heap before
{Heap before GC invocations=82 (full 3):
 PSYoungGen      total 19968K, used 19968K [0x00000000d5580000, 0x00000000d6b80000, 0x0000000100000000)
  eden space 19456K, 100% used [0x00000000d5580000,0x00000000d6880000,0x00000000d6880000)
  from space 512K, 100% used [0x00000000d6a00000,0x00000000d6a80000,0x00000000d6a80000)
  to   space 1536K, 0% used [0x00000000d6880000,0x00000000d6880000,0x00000000d6a00000)
 ParOldGen       total 93696K, used 93566K [0x0000000080000000, 0x0000000085b80000, 0x00000000d5580000)
  object space 93696K, 99% used [0x0000000080000000,0x0000000085b5f8b0,0x0000000085b80000)
 Metaspace       used 62393K, committed 64064K, reserved 1114112K
  class space    used 7198K, committed 7936K, reserved 1048576K
}
Event: 45.881 GC heap after
{Heap after GC invocations=82 (full 3):
 PSYoungGen      total 20992K, used 1536K [0x00000000d5580000, 0x00000000d6d80000, 0x0000000100000000)
  eden space 19456K, 0% used [0x00000000d5580000,0x00000000d5580000,0x00000000d6880000)
  from space 1536K, 100% used [0x00000000d6880000,0x00000000d6a00000,0x00000000d6a00000)
  to   space 2560K, 0% used [0x00000000d6b00000,0x00000000d6b00000,0x00000000d6d80000)
 ParOldGen       total 94208K, used 93986K [0x0000000080000000, 0x0000000085c00000, 0x00000000d5580000)
  object space 94208K, 99% used [0x0000000080000000,0x0000000085bc88c0,0x0000000085c00000)
 Metaspace       used 62393K, committed 64064K, reserved 1114112K
  class space    used 7198K, committed 7936K, reserved 1048576K
}
Event: 45.933 GC heap before
{Heap before GC invocations=83 (full 3):
 PSYoungGen      total 20992K, used 20992K [0x00000000d5580000, 0x00000000d6d80000, 0x0000000100000000)
  eden space 19456K, 100% used [0x00000000d5580000,0x00000000d6880000,0x00000000d6880000)
  from space 1536K, 100% used [0x00000000d6880000,0x00000000d6a00000,0x00000000d6a00000)
  to   space 2560K, 0% used [0x00000000d6b00000,0x00000000d6b00000,0x00000000d6d80000)
 ParOldGen       total 94208K, used 93986K [0x0000000080000000, 0x0000000085c00000, 0x00000000d5580000)
  object space 94208K, 99% used [0x0000000080000000,0x0000000085bc88c0,0x0000000085c00000)
 Metaspace       used 62445K, committed 64064K, reserved 1114112K
  class space    used 7198K, committed 7936K, reserved 1048576K
}
Event: 45.937 GC heap after
{Heap after GC invocations=83 (full 3):
 PSYoungGen      total 20480K, used 928K [0x00000000d5580000, 0x00000000d6c00000, 0x0000000100000000)
  eden space 19456K, 0% used [0x00000000d5580000,0x00000000d5580000,0x00000000d6880000)
  from space 1024K, 90% used [0x00000000d6b00000,0x00000000d6be8000,0x00000000d6c00000)
  to   space 1536K, 0% used [0x00000000d6900000,0x00000000d6900000,0x00000000d6a80000)
 ParOldGen       total 95232K, used 95222K [0x0000000080000000, 0x0000000085d00000, 0x00000000d5580000)
  object space 95232K, 99% used [0x0000000080000000,0x0000000085cfd8d0,0x0000000085d00000)
 Metaspace       used 62445K, committed 64064K, reserved 1114112K
  class space    used 7198K, committed 7936K, reserved 1048576K
}
Event: 45.977 GC heap before
{Heap before GC invocations=84 (full 3):
 PSYoungGen      total 20480K, used 20384K [0x00000000d5580000, 0x00000000d6c00000, 0x0000000100000000)
  eden space 19456K, 100% used [0x00000000d5580000,0x00000000d6880000,0x00000000d6880000)
  from space 1024K, 90% used [0x00000000d6b00000,0x00000000d6be8000,0x00000000d6c00000)
  to   space 1536K, 0% used [0x00000000d6900000,0x00000000d6900000,0x00000000d6a80000)
 ParOldGen       total 95232K, used 95222K [0x0000000080000000, 0x0000000085d00000, 0x00000000d5580000)
  object space 95232K, 99% used [0x0000000080000000,0x0000000085cfd8d0,0x0000000085d00000)
 Metaspace       used 62479K, committed 64128K, reserved 1114112K
  class space    used 7199K, committed 7936K, reserved 1048576K
}
Event: 45.980 GC heap after
{Heap after GC invocations=84 (full 3):
 PSYoungGen      total 20992K, used 864K [0x00000000d5580000, 0x00000000d6b80000, 0x0000000100000000)
  eden space 19456K, 0% used [0x00000000d5580000,0x00000000d5580000,0x00000000d6880000)
  from space 1536K, 56% used [0x00000000d6900000,0x00000000d69d8000,0x00000000d6a80000)
  to   space 1024K, 0% used [0x00000000d6a80000,0x00000000d6a80000,0x00000000d6b80000)
 ParOldGen       total 95744K, used 95718K [0x0000000080000000, 0x0000000085d80000, 0x00000000d5580000)
  object space 95744K, 99% used [0x0000000080000000,0x0000000085d798d0,0x0000000085d80000)
 Metaspace       used 62479K, committed 64128K, reserved 1114112K
  class space    used 7199K, committed 7936K, reserved 1048576K
}
Event: 46.020 GC heap before
{Heap before GC invocations=85 (full 3):
 PSYoungGen      total 20992K, used 20320K [0x00000000d5580000, 0x00000000d6b80000, 0x0000000100000000)
  eden space 19456K, 100% used [0x00000000d5580000,0x00000000d6880000,0x00000000d6880000)
  from space 1536K, 56% used [0x00000000d6900000,0x00000000d69d8000,0x00000000d6a80000)
  to   space 1024K, 0% used [0x00000000d6a80000,0x00000000d6a80000,0x00000000d6b80000)
 ParOldGen       total 95744K, used 95718K [0x0000000080000000, 0x0000000085d80000, 0x00000000d5580000)
  object space 95744K, 99% used [0x0000000080000000,0x0000000085d798d0,0x0000000085d80000)
 Metaspace       used 62543K, committed 64192K, reserved 1114112K
  class space    used 7200K, committed 7936K, reserved 1048576K
}
Event: 46.023 GC heap after
{Heap after GC invocations=85 (full 3):
 PSYoungGen      total 20480K, used 1024K [0x00000000d5580000, 0x00000000d6c80000, 0x0000000100000000)
  eden space 19456K, 0% used [0x00000000d5580000,0x00000000d5580000,0x00000000d6880000)
  from space 1024K, 100% used [0x00000000d6a80000,0x00000000d6b80000,0x00000000d6b80000)
  to   space 2048K, 0% used [0x00000000d6880000,0x00000000d6880000,0x00000000d6a80000)
 ParOldGen       total 96256K, used 96238K [0x0000000080000000, 0x0000000085e00000, 0x00000000d5580000)
  object space 96256K, 99% used [0x0000000080000000,0x0000000085dfb8d0,0x0000000085e00000)
 Metaspace       used 62543K, committed 64192K, reserved 1114112K
  class space    used 7200K, committed 7936K, reserved 1048576K
}
Event: 46.057 GC heap before
{Heap before GC invocations=86 (full 3):
 PSYoungGen      total 20480K, used 19925K [0x00000000d5580000, 0x00000000d6c80000, 0x0000000100000000)
  eden space 19456K, 97% used [0x00000000d5580000,0x00000000d67f5690,0x00000000d6880000)
  from space 1024K, 100% used [0x00000000d6a80000,0x00000000d6b80000,0x00000000d6b80000)
  to   space 2048K, 0% used [0x00000000d6880000,0x00000000d6880000,0x00000000d6a80000)
 ParOldGen       total 96256K, used 96238K [0x0000000080000000, 0x0000000085e00000, 0x00000000d5580000)
  object space 96256K, 99% used [0x0000000080000000,0x0000000085dfb8d0,0x0000000085e00000)
 Metaspace       used 62567K, committed 64192K, reserved 1114112K
  class space    used 7200K, committed 7936K, reserved 1048576K
}
Event: 46.060 GC heap after
{Heap after GC invocations=86 (full 3):
 PSYoungGen      total 20480K, used 640K [0x00000000d5580000, 0x00000000d6b00000, 0x0000000100000000)
  eden space 19456K, 0% used [0x00000000d5580000,0x00000000d5580000,0x00000000d6880000)
  from space 1024K, 62% used [0x00000000d6880000,0x00000000d6920000,0x00000000d6980000)
  to   space 1024K, 0% used [0x00000000d6a00000,0x00000000d6a00000,0x00000000d6b00000)
 ParOldGen       total 97280K, used 96926K [0x0000000080000000, 0x0000000085f00000, 0x00000000d5580000)
  object space 97280K, 99% used [0x0000000080000000,0x0000000085ea78d0,0x0000000085f00000)
 Metaspace       used 62567K, committed 64192K, reserved 1114112K
  class space    used 7200K, committed 7936K, reserved 1048576K
}
Event: 46.135 GC heap before
{Heap before GC invocations=87 (full 3):
 PSYoungGen      total 20480K, used 20096K [0x00000000d5580000, 0x00000000d6b00000, 0x0000000100000000)
  eden space 19456K, 100% used [0x00000000d5580000,0x00000000d6880000,0x00000000d6880000)
  from space 1024K, 62% used [0x00000000d6880000,0x00000000d6920000,0x00000000d6980000)
  to   space 1024K, 0% used [0x00000000d6a00000,0x00000000d6a00000,0x00000000d6b00000)
 ParOldGen       total 97280K, used 96926K [0x0000000080000000, 0x0000000085f00000, 0x00000000d5580000)
  object space 97280K, 99% used [0x0000000080000000,0x0000000085ea78d0,0x0000000085f00000)
 Metaspace       used 62602K, committed 64256K, reserved 1114112K
  class space    used 7200K, committed 7936K, reserved 1048576K
}
Event: 46.138 GC heap after
{Heap after GC invocations=87 (full 3):
 PSYoungGen      total 19456K, used 1024K [0x00000000d5580000, 0x00000000d6d80000, 0x0000000100000000)
  eden space 18432K, 0% used [0x00000000d5580000,0x00000000d5580000,0x00000000d6780000)
  from space 1024K, 100% used [0x00000000d6a00000,0x00000000d6b00000,0x00000000d6b00000)
  to   space 2560K, 0% used [0x00000000d6780000,0x00000000d6780000,0x00000000d6a00000)
 ParOldGen       total 98304K, used 98030K [0x0000000080000000, 0x0000000086000000, 0x00000000d5580000)
  object space 98304K, 99% used [0x0000000080000000,0x0000000085fbb8d0,0x0000000086000000)
 Metaspace       used 62602K, committed 64256K, reserved 1114112K
  class space    used 7200K, committed 7936K, reserved 1048576K
}
Event: 46.191 GC heap before
{Heap before GC invocations=88 (full 3):
 PSYoungGen      total 19456K, used 19456K [0x00000000d5580000, 0x00000000d6d80000, 0x0000000100000000)
  eden space 18432K, 100% used [0x00000000d5580000,0x00000000d6780000,0x00000000d6780000)
  from space 1024K, 100% used [0x00000000d6a00000,0x00000000d6b00000,0x00000000d6b00000)
  to   space 2560K, 0% used [0x00000000d6780000,0x00000000d6780000,0x00000000d6a00000)
 ParOldGen       total 98304K, used 98030K [0x0000000080000000, 0x0000000086000000, 0x00000000d5580000)
  object space 98304K, 99% used [0x0000000080000000,0x0000000085fbb8d0,0x0000000086000000)
 Metaspace       used 62641K, committed 64256K, reserved 1114112K
  class space    used 7200K, committed 7936K, reserved 1048576K
}
Event: 46.195 GC heap after
{Heap after GC invocations=88 (full 3):
 PSYoungGen      total 19456K, used 672K [0x00000000d5580000, 0x00000000d6a80000, 0x0000000100000000)
  eden space 18432K, 0% used [0x00000000d5580000,0x00000000d5580000,0x00000000d6780000)
  from space 1024K, 65% used [0x00000000d6780000,0x00000000d6828000,0x00000000d6880000)
  to   space 1536K, 0% used [0x00000000d6900000,0x00000000d6900000,0x00000000d6a80000)
 ParOldGen       total 99328K, used 98967K [0x0000000080000000, 0x0000000086100000, 0x00000000d5580000)
  object space 99328K, 99% used [0x0000000080000000,0x00000000860a5ff8,0x0000000086100000)
 Metaspace       used 62641K, committed 64256K, reserved 1114112K
  class space    used 7200K, committed 7936K, reserved 1048576K
}
Event: 46.257 GC heap before
{Heap before GC invocations=89 (full 3):
 PSYoungGen      total 19456K, used 19104K [0x00000000d5580000, 0x00000000d6a80000, 0x0000000100000000)
  eden space 18432K, 100% used [0x00000000d5580000,0x00000000d6780000,0x00000000d6780000)
  from space 1024K, 65% used [0x00000000d6780000,0x00000000d6828000,0x00000000d6880000)
  to   space 1536K, 0% used [0x00000000d6900000,0x00000000d6900000,0x00000000d6a80000)
 ParOldGen       total 99328K, used 98967K [0x0000000080000000, 0x0000000086100000, 0x00000000d5580000)
  object space 99328K, 99% used [0x0000000080000000,0x00000000860a5ff8,0x0000000086100000)
 Metaspace       used 62697K, committed 64320K, reserved 1114112K
  class space    used 7202K, committed 7936K, reserved 1048576K
}
Event: 46.260 GC heap after
{Heap after GC invocations=89 (full 3):
 PSYoungGen      total 19456K, used 576K [0x00000000d5580000, 0x00000000d6a00000, 0x0000000100000000)
  eden space 18432K, 0% used [0x00000000d5580000,0x00000000d5580000,0x00000000d6780000)
  from space 1024K, 56% used [0x00000000d6900000,0x00000000d6990000,0x00000000d6a00000)
  to   space 1024K, 0% used [0x00000000d6780000,0x00000000d6780000,0x00000000d6880000)
 ParOldGen       total 99840K, used 99391K [0x0000000080000000, 0x0000000086180000, 0x00000000d5580000)
  object space 99840K, 99% used [0x0000000080000000,0x000000008610fff8,0x0000000086180000)
 Metaspace       used 62697K, committed 64320K, reserved 1114112K
  class space    used 7202K, committed 7936K, reserved 1048576K
}
Event: 46.342 GC heap before
{Heap before GC invocations=90 (full 3):
 PSYoungGen      total 19456K, used 19008K [0x00000000d5580000, 0x00000000d6a00000, 0x0000000100000000)
  eden space 18432K, 100% used [0x00000000d5580000,0x00000000d6780000,0x00000000d6780000)
  from space 1024K, 56% used [0x00000000d6900000,0x00000000d6990000,0x00000000d6a00000)
  to   space 1024K, 0% used [0x00000000d6780000,0x00000000d6780000,0x00000000d6880000)
 ParOldGen       total 99840K, used 99391K [0x0000000080000000, 0x0000000086180000, 0x00000000d5580000)
  object space 99840K, 99% used [0x0000000080000000,0x000000008610fff8,0x0000000086180000)
 Metaspace       used 62746K, committed 64384K, reserved 1114112K
  class space    used 7203K, committed 7936K, reserved 1048576K
}
Event: 46.344 GC heap after
{Heap after GC invocations=90 (full 3):
 PSYoungGen      total 19456K, used 512K [0x00000000d5580000, 0x00000000d6980000, 0x0000000100000000)
  eden space 18432K, 0% used [0x00000000d5580000,0x00000000d5580000,0x00000000d6780000)
  from space 1024K, 50% used [0x00000000d6780000,0x00000000d6800000,0x00000000d6880000)
  to   space 1024K, 0% used [0x00000000d6880000,0x00000000d6880000,0x00000000d6980000)
 ParOldGen       total 99840K, used 99815K [0x0000000080000000, 0x0000000086180000, 0x00000000d5580000)
  object space 99840K, 99% used [0x0000000080000000,0x0000000086179ff8,0x0000000086180000)
 Metaspace       used 62746K, committed 64384K, reserved 1114112K
  class space    used 7203K, committed 7936K, reserved 1048576K
}
Event: 46.580 GC heap before
{Heap before GC invocations=91 (full 3):
 PSYoungGen      total 19456K, used 18944K [0x00000000d5580000, 0x00000000d6980000, 0x0000000100000000)
  eden space 18432K, 100% used [0x00000000d5580000,0x00000000d6780000,0x00000000d6780000)
  from space 1024K, 50% used [0x00000000d6780000,0x00000000d6800000,0x00000000d6880000)
  to   space 1024K, 0% used [0x00000000d6880000,0x00000000d6880000,0x00000000d6980000)
 ParOldGen       total 99840K, used 99815K [0x0000000080000000, 0x0000000086180000, 0x00000000d5580000)
  object space 99840K, 99% used [0x0000000080000000,0x0000000086179ff8,0x0000000086180000)
 Metaspace       used 63207K, committed 64896K, reserved 1114112K
  class space    used 7242K, committed 8000K, reserved 1048576K
}
Event: 47.205 GC heap after
{Heap after GC invocations=91 (full 3):
 PSYoungGen      total 13312K, used 1008K [0x00000000d5580000, 0x00000000d7580000, 0x0000000100000000)
  eden space 12288K, 0% used [0x00000000d5580000,0x00000000d5580000,0x00000000d6180000)
  from space 1024K, 98% used [0x00000000d6880000,0x00000000d697c248,0x00000000d6980000)
  to   space 7168K, 0% used [0x00000000d6180000,0x00000000d6180000,0x00000000d6880000)
 ParOldGen       total 104960K, used 104867K [0x0000000080000000, 0x0000000086680000, 0x00000000d5580000)
  object space 104960K, 99% used [0x0000000080000000,0x0000000086668f30,0x0000000086680000)
 Metaspace       used 63207K, committed 64896K, reserved 1114112K
  class space    used 7242K, committed 8000K, reserved 1048576K
}

