# JRE version: OpenJDK Runtime Environment Temurin-21.0.10+7 (21.0.10+7) (build 21.0.10+7-LTS)
# Java VM: OpenJDK 64-Bit Server VM Temurin-21.0.10+7 (21.0.10+7-LTS, mixed mode, sharing, tiered, compressed oops, compressed class ptrs, g1 gc, windows-amd64)
GC Precious Log:
 CardTable entry size: 512
 Card Set container configuration: InlinePtr #cards 4 size 8 Array Of Cards #cards 32 size 80 Howl #buckets 8 coarsen threshold 7372 Howl Bitmap #cards 1024 size 144 coarsen threshold 921 Card regions per heap region 1 cards per card region 8192
 CPUs: 16 total, 16 available
 Memory: 16202M
 Large Page Support: Disabled
 NUMA Support: Disabled
 Compressed Oops: Enabled (Zero based)
 Heap Region Size: 4M
 Heap Min Capacity: 8M
 Heap Initial Capacity: 256M
 Heap Max Capacity: 8G
 Pre-touch: Disabled
 Parallel Workers: 13
 Concurrent Workers: 3
 Concurrent Refinement Workers: 13
 Periodic GC: Disabled
Heap:
 garbage-first heap   total 253952K, used 185901K [0x0000000600000000, 0x0000000800000000)
  region size 4096K, 7 young (28672K), 2 survivors (8192K)
 Metaspace       used 113842K, committed 115392K, reserved 1179648K
  class space    used 15919K, committed 16640K, reserved 1048576K
GC Heap History (20 events):
Event: 9058.989 GC heap before
{Heap before GC invocations=45 (full 0):
 garbage-first heap   total 200704K, used 178976K [0x0000000600000000, 0x0000000800000000)
  region size 4096K, 17 young (69632K), 2 survivors (8192K)
 Metaspace       used 107609K, committed 108992K, reserved 1179648K
  class space    used 15009K, committed 15680K, reserved 1048576K
}
Event: 9059.000 GC heap after
{Heap after GC invocations=46 (full 0):
 garbage-first heap   total 200704K, used 120185K [0x0000000600000000, 0x0000000800000000)
  region size 4096K, 3 young (12288K), 3 survivors (12288K)
 Metaspace       used 107609K, committed 108992K, reserved 1179648K
  class space    used 15009K, committed 15680K, reserved 1048576K
}
Event: 9061.732 GC heap before
{Heap before GC invocations=47 (full 0):
 garbage-first heap   total 212992K, used 177529K [0x0000000600000000, 0x0000000800000000)
  region size 4096K, 17 young (69632K), 3 survivors (12288K)
 Metaspace       used 109589K, committed 111040K, reserved 1179648K
  class space    used 15321K, committed 16000K, reserved 1048576K
}
Event: 9061.745 GC heap after
{Heap after GC invocations=48 (full 0):
 garbage-first heap   total 212992K, used 125225K [0x0000000600000000, 0x0000000800000000)
  region size 4096K, 3 young (12288K), 3 survivors (12288K)
 Metaspace       used 109589K, committed 111040K, reserved 1179648K
  class space    used 15321K, committed 16000K, reserved 1048576K
}
Event: 9062.397 GC heap before
{Heap before GC invocations=48 (full 0):
 garbage-first heap   total 212992K, used 186665K [0x0000000600000000, 0x0000000800000000)
  region size 4096K, 19 young (77824K), 3 survivors (12288K)
 Metaspace       used 109594K, committed 111040K, reserved 1179648K
  class space    used 15321K, committed 16000K, reserved 1048576K
}
Event: 9062.414 GC heap after
{Heap after GC invocations=49 (full 0):
 garbage-first heap   total 217088K, used 128069K [0x0000000600000000, 0x0000000800000000)
  region size 4096K, 3 young (12288K), 3 survivors (12288K)
 Metaspace       used 109594K, committed 111040K, reserved 1179648K
  class space    used 15321K, committed 16000K, reserved 1048576K
}
Event: 9063.958 GC heap before
{Heap before GC invocations=49 (full 0):
 garbage-first heap   total 217088K, used 193605K [0x0000000600000000, 0x0000000800000000)
  region size 4096K, 20 young (81920K), 3 survivors (12288K)
 Metaspace       used 111108K, committed 112576K, reserved 1179648K
  class space    used 15495K, committed 16192K, reserved 1048576K
}
Event: 9063.972 GC heap after
{Heap after GC invocations=50 (full 0):
 garbage-first heap   total 221184K, used 137559K [0x0000000600000000, 0x0000000800000000)
  region size 4096K, 3 young (12288K), 3 survivors (12288K)
 Metaspace       used 111108K, committed 112576K, reserved 1179648K
  class space    used 15495K, committed 16192K, reserved 1048576K
}
Event: 9066.481 GC heap before
{Heap before GC invocations=51 (full 0):
 garbage-first heap   total 233472K, used 194903K [0x0000000600000000, 0x0000000800000000)
  region size 4096K, 18 young (73728K), 3 survivors (12288K)
 Metaspace       used 112267K, committed 113792K, reserved 1179648K
  class space    used 15708K, committed 16448K, reserved 1048576K
}
Event: 9066.499 GC heap after
{Heap after GC invocations=52 (full 0):
 garbage-first heap   total 233472K, used 145824K [0x0000000600000000, 0x0000000800000000)
  region size 4096K, 3 young (12288K), 3 survivors (12288K)
 Metaspace       used 112267K, committed 113792K, reserved 1179648K
  class space    used 15708K, committed 16448K, reserved 1048576K
}
Event: 9067.214 GC heap before
{Heap before GC invocations=52 (full 0):
 garbage-first heap   total 233472K, used 203168K [0x0000000600000000, 0x0000000800000000)
  region size 4096K, 17 young (69632K), 3 survivors (12288K)
 Metaspace       used 112269K, committed 113792K, reserved 1179648K
  class space    used 15708K, committed 16448K, reserved 1048576K
}
Event: 9067.232 GC heap after
{Heap after GC invocations=53 (full 0):
 garbage-first heap   total 233472K, used 145398K [0x0000000600000000, 0x0000000800000000)
  region size 4096K, 2 young (8192K), 2 survivors (8192K)
 Metaspace       used 112269K, committed 113792K, reserved 1179648K
  class space    used 15708K, committed 16448K, reserved 1048576K
}
Event: 9067.823 GC heap before
{Heap before GC invocations=53 (full 0):
 garbage-first heap   total 233472K, used 202742K [0x0000000600000000, 0x0000000800000000)
  region size 4096K, 17 young (69632K), 2 survivors (8192K)
 Metaspace       used 112270K, committed 113792K, reserved 1179648K
  class space    used 15708K, committed 16448K, reserved 1048576K
}
Event: 9067.831 GC heap after
{Heap after GC invocations=54 (full 0):
 garbage-first heap   total 233472K, used 146478K [0x0000000600000000, 0x0000000800000000)
  region size 4096K, 2 young (8192K), 2 survivors (8192K)
 Metaspace       used 112270K, committed 113792K, reserved 1179648K
  class space    used 15708K, committed 16448K, reserved 1048576K
}
Event: 9071.239 GC heap before
{Heap before GC invocations=55 (full 0):
 garbage-first heap   total 253952K, used 207918K [0x0000000600000000, 0x0000000800000000)
  region size 4096K, 17 young (69632K), 2 survivors (8192K)
 Metaspace       used 113592K, committed 115136K, reserved 1179648K
  class space    used 15898K, committed 16640K, reserved 1048576K
}
Event: 9071.250 GC heap after
{Heap after GC invocations=56 (full 0):
 garbage-first heap   total 253952K, used 165606K [0x0000000600000000, 0x0000000800000000)
  region size 4096K, 3 young (12288K), 3 survivors (12288K)
 Metaspace       used 113592K, committed 115136K, reserved 1179648K
  class space    used 15898K, committed 16640K, reserved 1048576K
}
Event: 9071.584 GC heap before
{Heap before GC invocations=56 (full 0):
 garbage-first heap   total 253952K, used 218854K [0x0000000600000000, 0x0000000800000000)
  region size 4096K, 17 young (69632K), 3 survivors (12288K)
 Metaspace       used 113594K, committed 115136K, reserved 1179648K
  class space    used 15898K, committed 16640K, reserved 1048576K
}
Event: 9071.602 GC heap after
{Heap after GC invocations=57 (full 0):
 garbage-first heap   total 253952K, used 168547K [0x0000000600000000, 0x0000000800000000)
  region size 4096K, 2 young (8192K), 2 survivors (8192K)
 Metaspace       used 113594K, committed 115136K, reserved 1179648K
  class space    used 15898K, committed 16640K, reserved 1048576K
}
Event: 9072.767 GC heap before
{Heap before GC invocations=57 (full 0):
 garbage-first heap   total 253952K, used 225891K [0x0000000600000000, 0x0000000800000000)
  region size 4096K, 16 young (65536K), 2 survivors (8192K)
 Metaspace       used 113842K, committed 115392K, reserved 1179648K
  class space    used 15919K, committed 16640K, reserved 1048576K
}
Event: 9072.776 GC heap after
{Heap after GC invocations=58 (full 0):
 garbage-first heap   total 253952K, used 173613K [0x0000000600000000, 0x0000000800000000)
  region size 4096K, 2 young (8192K), 2 survivors (8192K)
 Metaspace       used 113842K, committed 115392K, reserved 1179648K
  class space    used 15919K, committed 16640K, reserved 1048576K
}

