# JRE version: OpenJDK Runtime Environment Temurin-21.0.10+7 (21.0.10+7) (build 21.0.10+7-LTS)
# Java VM: OpenJDK 64-Bit Server VM Temurin-21.0.10+7 (21.0.10+7-LTS, mixed mode, sharing, tiered, compressed oops, compressed class ptrs, parallel gc, windows-amd64)
GC Precious Log:
 CardTable entry size: 512
 CPUs: 16 total, 16 available
 Memory: 16202M
 Large Page Support: Disabled
 NUMA Support: Disabled
 Compressed Oops: Enabled (32-bit)
 Alignments: Space 512K, Generation 512K, Heap 2M
 Heap Min Capacity: 100M
 Heap Initial Capacity: 100M
 Heap Max Capacity: 2G
 Pre-touch: Disabled
 Parallel Workers: 13
Heap:
 PSYoungGen      total 17920K, used 14488K [0x00000000d5580000, 0x00000000d6e00000, 0x0000000100000000)
  eden space 15872K, 78% used [0x00000000d5580000,0x00000000d61ad968,0x00000000d6500000)
  from space 2048K, 98% used [0x00000000d6c00000,0x00000000d6df8840,0x00000000d6e00000)
  to   space 4096K, 0% used [0x00000000d6600000,0x00000000d6600000,0x00000000d6a00000)
 ParOldGen       total 68608K, used 60793K [0x0000000080000000, 0x0000000084300000, 0x00000000d5580000)
  object space 68608K, 88% used [0x0000000080000000,0x0000000083b5e518,0x0000000084300000)
 Metaspace       used 58234K, committed 59712K, reserved 1114112K
  class space    used 6825K, committed 7488K, reserved 1048576K
GC Heap History (20 events):
Event: 11.069 GC heap before
{Heap before GC invocations=30 (full 2):
 PSYoungGen      total 16896K, used 16543K [0x00000000d5580000, 0x00000000d6900000, 0x0000000100000000)
  eden space 15872K, 99% used [0x00000000d5580000,0x00000000d64efe38,0x00000000d6500000)
  from space 1024K, 71% used [0x00000000d6700000,0x00000000d67b8000,0x00000000d6800000)
  to   space 1024K, 0% used [0x00000000d6800000,0x00000000d6800000,0x00000000d6900000)
 ParOldGen       total 68608K, used 42213K [0x0000000080000000, 0x0000000084300000, 0x00000000d5580000)
  object space 68608K, 61% used [0x0000000080000000,0x0000000082939460,0x0000000084300000)
 Metaspace       used 51598K, committed 52928K, reserved 1114112K
  class space    used 5846K, committed 6464K, reserved 1048576K
}
Event: 11.069 GC heap after
{Heap after GC invocations=30 (full 2):
 PSYoungGen      total 16896K, used 1000K [0x00000000d5580000, 0x00000000d6900000, 0x0000000100000000)
  eden space 15872K, 0% used [0x00000000d5580000,0x00000000d5580000,0x00000000d6500000)
  from space 1024K, 97% used [0x00000000d6800000,0x00000000d68fa1c0,0x00000000d6900000)
  to   space 2048K, 0% used [0x00000000d6500000,0x00000000d6500000,0x00000000d6700000)
 ParOldGen       total 68608K, used 42999K [0x0000000080000000, 0x0000000084300000, 0x00000000d5580000)
  object space 68608K, 62% used [0x0000000080000000,0x00000000829fdfd8,0x0000000084300000)
 Metaspace       used 51598K, committed 52928K, reserved 1114112K
  class space    used 5846K, committed 6464K, reserved 1048576K
}
Event: 11.206 GC heap before
{Heap before GC invocations=31 (full 2):
 PSYoungGen      total 16896K, used 16872K [0x00000000d5580000, 0x00000000d6900000, 0x0000000100000000)
  eden space 15872K, 100% used [0x00000000d5580000,0x00000000d6500000,0x00000000d6500000)
  from space 1024K, 97% used [0x00000000d6800000,0x00000000d68fa1c0,0x00000000d6900000)
  to   space 2048K, 0% used [0x00000000d6500000,0x00000000d6500000,0x00000000d6700000)
 ParOldGen       total 68608K, used 42999K [0x0000000080000000, 0x0000000084300000, 0x00000000d5580000)
  object space 68608K, 62% used [0x0000000080000000,0x00000000829fdfd8,0x0000000084300000)
 Metaspace       used 51915K, committed 53248K, reserved 1114112K
  class space    used 5911K, committed 6528K, reserved 1048576K
}
Event: 11.207 GC heap after
{Heap after GC invocations=31 (full 2):
 PSYoungGen      total 17920K, used 2042K [0x00000000d5580000, 0x00000000d6e00000, 0x0000000100000000)
  eden space 15872K, 0% used [0x00000000d5580000,0x00000000d5580000,0x00000000d6500000)
  from space 2048K, 99% used [0x00000000d6500000,0x00000000d66fead8,0x00000000d6700000)
  to   space 4608K, 0% used [0x00000000d6980000,0x00000000d6980000,0x00000000d6e00000)
 ParOldGen       total 68608K, used 45046K [0x0000000080000000, 0x0000000084300000, 0x00000000d5580000)
  object space 68608K, 65% used [0x0000000080000000,0x0000000082bfdbc0,0x0000000084300000)
 Metaspace       used 51915K, committed 53248K, reserved 1114112K
  class space    used 5911K, committed 6528K, reserved 1048576K
}
Event: 11.343 GC heap before
{Heap before GC invocations=32 (full 2):
 PSYoungGen      total 17920K, used 17914K [0x00000000d5580000, 0x00000000d6e00000, 0x0000000100000000)
  eden space 15872K, 100% used [0x00000000d5580000,0x00000000d6500000,0x00000000d6500000)
  from space 2048K, 99% used [0x00000000d6500000,0x00000000d66fead8,0x00000000d6700000)
  to   space 4608K, 0% used [0x00000000d6980000,0x00000000d6980000,0x00000000d6e00000)
 ParOldGen       total 68608K, used 45046K [0x0000000080000000, 0x0000000084300000, 0x00000000d5580000)
  object space 68608K, 65% used [0x0000000080000000,0x0000000082bfdbc0,0x0000000084300000)
 Metaspace       used 53445K, committed 54848K, reserved 1114112K
  class space    used 6185K, committed 6848K, reserved 1048576K
}
Event: 11.344 GC heap after
{Heap after GC invocations=32 (full 2):
 PSYoungGen      total 16896K, used 898K [0x00000000d5580000, 0x00000000d6a80000, 0x0000000100000000)
  eden space 15872K, 0% used [0x00000000d5580000,0x00000000d5580000,0x00000000d6500000)
  from space 1024K, 87% used [0x00000000d6980000,0x00000000d6a60910,0x00000000d6a80000)
  to   space 2560K, 0% used [0x00000000d6580000,0x00000000d6580000,0x00000000d6800000)
 ParOldGen       total 68608K, used 47099K [0x0000000080000000, 0x0000000084300000, 0x00000000d5580000)
  object space 68608K, 68% used [0x0000000080000000,0x0000000082dfee00,0x0000000084300000)
 Metaspace       used 53445K, committed 54848K, reserved 1114112K
  class space    used 6185K, committed 6848K, reserved 1048576K
}
Event: 11.468 GC heap before
{Heap before GC invocations=33 (full 2):
 PSYoungGen      total 16896K, used 16770K [0x00000000d5580000, 0x00000000d6a80000, 0x0000000100000000)
  eden space 15872K, 100% used [0x00000000d5580000,0x00000000d6500000,0x00000000d6500000)
  from space 1024K, 87% used [0x00000000d6980000,0x00000000d6a60910,0x00000000d6a80000)
  to   space 2560K, 0% used [0x00000000d6580000,0x00000000d6580000,0x00000000d6800000)
 ParOldGen       total 68608K, used 47099K [0x0000000080000000, 0x0000000084300000, 0x00000000d5580000)
  object space 68608K, 68% used [0x0000000080000000,0x0000000082dfee00,0x0000000084300000)
 Metaspace       used 55327K, committed 56704K, reserved 1114112K
  class space    used 6503K, committed 7168K, reserved 1048576K
}
Event: 11.469 GC heap after
{Heap after GC invocations=33 (full 2):
 PSYoungGen      total 18432K, used 576K [0x00000000d5580000, 0x00000000d6a00000, 0x0000000100000000)
  eden space 15872K, 0% used [0x00000000d5580000,0x00000000d5580000,0x00000000d6500000)
  from space 2560K, 22% used [0x00000000d6580000,0x00000000d6610000,0x00000000d6800000)
  to   space 1024K, 0% used [0x00000000d6900000,0x00000000d6900000,0x00000000d6a00000)
 ParOldGen       total 68608K, used 47763K [0x0000000080000000, 0x0000000084300000, 0x00000000d5580000)
  object space 68608K, 69% used [0x0000000080000000,0x0000000082ea4e20,0x0000000084300000)
 Metaspace       used 55327K, committed 56704K, reserved 1114112K
  class space    used 6503K, committed 7168K, reserved 1048576K
}
Event: 11.685 GC heap before
{Heap before GC invocations=34 (full 2):
 PSYoungGen      total 18432K, used 16448K [0x00000000d5580000, 0x00000000d6a00000, 0x0000000100000000)
  eden space 15872K, 100% used [0x00000000d5580000,0x00000000d6500000,0x00000000d6500000)
  from space 2560K, 22% used [0x00000000d6580000,0x00000000d6610000,0x00000000d6800000)
  to   space 1024K, 0% used [0x00000000d6900000,0x00000000d6900000,0x00000000d6a00000)
 ParOldGen       total 68608K, used 47763K [0x0000000080000000, 0x0000000084300000, 0x00000000d5580000)
  object space 68608K, 69% used [0x0000000080000000,0x0000000082ea4e20,0x0000000084300000)
 Metaspace       used 55668K, committed 57024K, reserved 1114112K
  class space    used 6552K, committed 7168K, reserved 1048576K
}
Event: 11.686 GC heap after
{Heap after GC invocations=34 (full 2):
 PSYoungGen      total 16896K, used 541K [0x00000000d5580000, 0x00000000d6a00000, 0x0000000100000000)
  eden space 15872K, 0% used [0x00000000d5580000,0x00000000d5580000,0x00000000d6500000)
  from space 1024K, 52% used [0x00000000d6900000,0x00000000d6987690,0x00000000d6a00000)
  to   space 1024K, 0% used [0x00000000d6800000,0x00000000d6800000,0x00000000d6900000)
 ParOldGen       total 68608K, used 48210K [0x0000000080000000, 0x0000000084300000, 0x00000000d5580000)
  object space 68608K, 70% used [0x0000000080000000,0x0000000082f14b30,0x0000000084300000)
 Metaspace       used 55668K, committed 57024K, reserved 1114112K
  class space    used 6552K, committed 7168K, reserved 1048576K
}
Event: 11.811 GC heap before
{Heap before GC invocations=35 (full 2):
 PSYoungGen      total 16896K, used 16413K [0x00000000d5580000, 0x00000000d6a00000, 0x0000000100000000)
  eden space 15872K, 100% used [0x00000000d5580000,0x00000000d6500000,0x00000000d6500000)
  from space 1024K, 52% used [0x00000000d6900000,0x00000000d6987690,0x00000000d6a00000)
  to   space 1024K, 0% used [0x00000000d6800000,0x00000000d6800000,0x00000000d6900000)
 ParOldGen       total 68608K, used 48210K [0x0000000080000000, 0x0000000084300000, 0x00000000d5580000)
  object space 68608K, 70% used [0x0000000080000000,0x0000000082f14b30,0x0000000084300000)
 Metaspace       used 55939K, committed 57344K, reserved 1114112K
  class space    used 6579K, committed 7232K, reserved 1048576K
}
Event: 11.812 GC heap after
{Heap after GC invocations=35 (full 2):
 PSYoungGen      total 16896K, used 832K [0x00000000d5580000, 0x00000000d6980000, 0x0000000100000000)
  eden space 15872K, 0% used [0x00000000d5580000,0x00000000d5580000,0x00000000d6500000)
  from space 1024K, 81% used [0x00000000d6800000,0x00000000d68d0000,0x00000000d6900000)
  to   space 512K, 0% used [0x00000000d6900000,0x00000000d6900000,0x00000000d6980000)
 ParOldGen       total 68608K, used 48450K [0x0000000080000000, 0x0000000084300000, 0x00000000d5580000)
  object space 68608K, 70% used [0x0000000080000000,0x0000000082f50b30,0x0000000084300000)
 Metaspace       used 55939K, committed 57344K, reserved 1114112K
  class space    used 6579K, committed 7232K, reserved 1048576K
}
Event: 12.024 GC heap before
{Heap before GC invocations=36 (full 2):
 PSYoungGen      total 16896K, used 16704K [0x00000000d5580000, 0x00000000d6980000, 0x0000000100000000)
  eden space 15872K, 100% used [0x00000000d5580000,0x00000000d6500000,0x00000000d6500000)
  from space 1024K, 81% used [0x00000000d6800000,0x00000000d68d0000,0x00000000d6900000)
  to   space 512K, 0% used [0x00000000d6900000,0x00000000d6900000,0x00000000d6980000)
 ParOldGen       total 68608K, used 48450K [0x0000000080000000, 0x0000000084300000, 0x00000000d5580000)
  object space 68608K, 70% used [0x0000000080000000,0x0000000082f50b30,0x0000000084300000)
 Metaspace       used 57197K, committed 58624K, reserved 1114112K
  class space    used 6717K, committed 7360K, reserved 1048576K
}
Event: 12.026 GC heap after
{Heap after GC invocations=36 (full 2):
 PSYoungGen      total 16384K, used 499K [0x00000000d5580000, 0x00000000d6a00000, 0x0000000100000000)
  eden space 15872K, 0% used [0x00000000d5580000,0x00000000d5580000,0x00000000d6500000)
  from space 512K, 97% used [0x00000000d6900000,0x00000000d697cc30,0x00000000d6980000)
  to   space 2560K, 0% used [0x00000000d6500000,0x00000000d6500000,0x00000000d6780000)
 ParOldGen       total 68608K, used 50232K [0x0000000080000000, 0x0000000084300000, 0x00000000d5580000)
  object space 68608K, 73% used [0x0000000080000000,0x000000008310e258,0x0000000084300000)
 Metaspace       used 57197K, committed 58624K, reserved 1114112K
  class space    used 6717K, committed 7360K, reserved 1048576K
}
Event: 12.130 GC heap before
{Heap before GC invocations=37 (full 2):
 PSYoungGen      total 16384K, used 16371K [0x00000000d5580000, 0x00000000d6a00000, 0x0000000100000000)
  eden space 15872K, 100% used [0x00000000d5580000,0x00000000d6500000,0x00000000d6500000)
  from space 512K, 97% used [0x00000000d6900000,0x00000000d697cc30,0x00000000d6980000)
  to   space 2560K, 0% used [0x00000000d6500000,0x00000000d6500000,0x00000000d6780000)
 ParOldGen       total 68608K, used 50232K [0x0000000080000000, 0x0000000084300000, 0x00000000d5580000)
  object space 68608K, 73% used [0x0000000080000000,0x000000008310e258,0x0000000084300000)
 Metaspace       used 57817K, committed 59264K, reserved 1114112K
  class space    used 6765K, committed 7424K, reserved 1048576K
}
Event: 13.134 GC heap after
{Heap after GC invocations=37 (full 2):
 PSYoungGen      total 18432K, used 2528K [0x00000000d5580000, 0x00000000d7600000, 0x0000000100000000)
  eden space 15872K, 0% used [0x00000000d5580000,0x00000000d5580000,0x00000000d6500000)
  from space 2560K, 98% used [0x00000000d6500000,0x00000000d6778020,0x00000000d6780000)
  to   space 8704K, 0% used [0x00000000d6d80000,0x00000000d6d80000,0x00000000d7600000)
 ParOldGen       total 68608K, used 55345K [0x0000000080000000, 0x0000000084300000, 0x00000000d5580000)
  object space 68608K, 80% used [0x0000000080000000,0x000000008360c4c8,0x0000000084300000)
 Metaspace       used 57817K, committed 59264K, reserved 1114112K
  class space    used 6765K, committed 7424K, reserved 1048576K
}
Event: 13.162 GC heap before
{Heap before GC invocations=38 (full 2):
 PSYoungGen      total 18432K, used 18400K [0x00000000d5580000, 0x00000000d7600000, 0x0000000100000000)
  eden space 15872K, 100% used [0x00000000d5580000,0x00000000d6500000,0x00000000d6500000)
  from space 2560K, 98% used [0x00000000d6500000,0x00000000d6778020,0x00000000d6780000)
  to   space 8704K, 0% used [0x00000000d6d80000,0x00000000d6d80000,0x00000000d7600000)
 ParOldGen       total 68608K, used 55345K [0x0000000080000000, 0x0000000084300000, 0x00000000d5580000)
  object space 68608K, 80% used [0x0000000080000000,0x000000008360c4c8,0x0000000084300000)
 Metaspace       used 57834K, committed 59392K, reserved 1114112K
  class space    used 6765K, committed 7424K, reserved 1048576K
}
Event: 13.164 GC heap after
{Heap after GC invocations=38 (full 2):
 PSYoungGen      total 17920K, used 1600K [0x00000000d5580000, 0x00000000d6f80000, 0x0000000100000000)
  eden space 15872K, 0% used [0x00000000d5580000,0x00000000d5580000,0x00000000d6500000)
  from space 2048K, 78% used [0x00000000d6d80000,0x00000000d6f10010,0x00000000d6f80000)
  to   space 4096K, 0% used [0x00000000d6780000,0x00000000d6780000,0x00000000d6b80000)
 ParOldGen       total 68608K, used 57945K [0x0000000080000000, 0x0000000084300000, 0x00000000d5580000)
  object space 68608K, 84% used [0x0000000080000000,0x0000000083896508,0x0000000084300000)
 Metaspace       used 57834K, committed 59392K, reserved 1114112K
  class space    used 6765K, committed 7424K, reserved 1048576K
}
Event: 13.193 GC heap before
{Heap before GC invocations=39 (full 2):
 PSYoungGen      total 17920K, used 17472K [0x00000000d5580000, 0x00000000d6f80000, 0x0000000100000000)
  eden space 15872K, 100% used [0x00000000d5580000,0x00000000d6500000,0x00000000d6500000)
  from space 2048K, 78% used [0x00000000d6d80000,0x00000000d6f10010,0x00000000d6f80000)
  to   space 4096K, 0% used [0x00000000d6780000,0x00000000d6780000,0x00000000d6b80000)
 ParOldGen       total 68608K, used 57945K [0x0000000080000000, 0x0000000084300000, 0x00000000d5580000)
  object space 68608K, 84% used [0x0000000080000000,0x0000000083896508,0x0000000084300000)
 Metaspace       used 57837K, committed 59392K, reserved 1114112K
  class space    used 6765K, committed 7424K, reserved 1048576K
}
Event: 13.194 GC heap after
{Heap after GC invocations=39 (full 2):
 PSYoungGen      total 19968K, used 1568K [0x00000000d5580000, 0x00000000d6e00000, 0x0000000100000000)
  eden space 15872K, 0% used [0x00000000d5580000,0x00000000d5580000,0x00000000d6500000)
  from space 4096K, 38% used [0x00000000d6780000,0x00000000d6908000,0x00000000d6b80000)
  to   space 2048K, 0% used [0x00000000d6c00000,0x00000000d6c00000,0x00000000d6e00000)
 ParOldGen       total 68608K, used 59401K [0x0000000080000000, 0x0000000084300000, 0x00000000d5580000)
  object space 68608K, 86% used [0x0000000080000000,0x0000000083a02518,0x0000000084300000)
 Metaspace       used 57837K, committed 59392K, reserved 1114112K
  class space    used 6765K, committed 7424K, reserved 1048576K
}

