# JRE version: OpenJDK Runtime Environment Temurin-21.0.10+7 (21.0.10+7) (build 21.0.10+7-LTS)
# Java VM: OpenJDK 64-Bit Server VM Temurin-21.0.10+7 (21.0.10+7-LTS, mixed mode, sharing, tiered, compressed oops, compressed class ptrs, g1 gc, windows-amd64)
GC Precious Log:
 CardTable entry size: 512
 Card Set container configuration: InlinePtr #cards 4 size 8 Array Of Cards #cards 32 size 80 Howl #buckets 8 coarsen threshold 7372 Howl Bitmap #cards 1024 size 144 coarsen threshold 921 Card regions per heap region 1 cards per card region 8192
 CPUs: 16 total, 16 available
 Memory: 16202M
 Large Page Support: Disabled
 NUMA Support: Disabled
 Compressed Oops: Enabled (Zero based)
 Heap Region Size: 4M
 Heap Min Capacity: 8M
 Heap Initial Capacity: 256M
 Heap Max Capacity: 8G
 Pre-touch: Disabled
 Parallel Workers: 13
 Concurrent Workers: 3
 Concurrent Refinement Workers: 13
 Periodic GC: Disabled
Heap:
 garbage-first heap   total 126976K, used 88648K [0x0000000600000000, 0x0000000800000000)
  region size 4096K, 7 young (28672K), 1 survivors (4096K)
 Metaspace       used 70447K, committed 72512K, reserved 1114112K
  class space    used 10475K, committed 11456K, reserved 1048576K
GC Heap History (20 events):
Event: 13.198 GC heap before
{Heap before GC invocations=6 (full 0):
 garbage-first heap   total 122880K, used 83730K [0x0000000600000000, 0x0000000800000000)
  region size 4096K, 18 young (73728K), 4 survivors (16384K)
 Metaspace       used 34902K, committed 35968K, reserved 1114112K
  class space    used 4914K, committed 5440K, reserved 1048576K
}
Event: 13.208 GC heap after
{Heap after GC invocations=7 (full 0):
 garbage-first heap   total 122880K, used 33030K [0x0000000600000000, 0x0000000800000000)
  region size 4096K, 3 young (12288K), 3 survivors (12288K)
 Metaspace       used 34902K, committed 35968K, reserved 1114112K
  class space    used 4914K, committed 5440K, reserved 1048576K
}
Event: 13.213 GC heap before
{Heap before GC invocations=7 (full 0):
 garbage-first heap   total 122880K, used 33030K [0x0000000600000000, 0x0000000800000000)
  region size 4096K, 4 young (16384K), 3 survivors (12288K)
 Metaspace       used 34922K, committed 35968K, reserved 1114112K
  class space    used 4919K, committed 5440K, reserved 1048576K
}
Event: 13.218 GC heap after
{Heap after GC invocations=8 (full 0):
 garbage-first heap   total 122880K, used 33278K [0x0000000600000000, 0x0000000800000000)
  region size 4096K, 1 young (4096K), 1 survivors (4096K)
 Metaspace       used 34922K, committed 35968K, reserved 1114112K
  class space    used 4919K, committed 5440K, reserved 1048576K
}
Event: 15.736 GC heap before
{Heap before GC invocations=9 (full 0):
 garbage-first heap   total 122880K, used 102910K [0x0000000600000000, 0x0000000800000000)
  region size 4096K, 18 young (73728K), 1 survivors (4096K)
 Metaspace       used 41569K, committed 43136K, reserved 1114112K
  class space    used 6046K, committed 6784K, reserved 1048576K
}
Event: 15.755 GC heap after
{Heap after GC invocations=10 (full 0):
 garbage-first heap   total 122880K, used 36322K [0x0000000600000000, 0x0000000800000000)
  region size 4096K, 2 young (8192K), 2 survivors (8192K)
 Metaspace       used 41569K, committed 43136K, reserved 1114112K
  class space    used 6046K, committed 6784K, reserved 1048576K
}
Event: 18.031 GC heap before
{Heap before GC invocations=10 (full 0):
 garbage-first heap   total 122880K, used 101858K [0x0000000600000000, 0x0000000800000000)
  region size 4096K, 18 young (73728K), 2 survivors (8192K)
 Metaspace       used 47518K, committed 49216K, reserved 1114112K
  class space    used 7019K, committed 7808K, reserved 1048576K
}
Event: 18.039 GC heap after
{Heap after GC invocations=11 (full 0):
 garbage-first heap   total 122880K, used 39845K [0x0000000600000000, 0x0000000800000000)
  region size 4096K, 3 young (12288K), 3 survivors (12288K)
 Metaspace       used 47518K, committed 49216K, reserved 1114112K
  class space    used 7019K, committed 7808K, reserved 1048576K
}
Event: 19.991 GC heap before
{Heap before GC invocations=11 (full 0):
 garbage-first heap   total 122880K, used 101285K [0x0000000600000000, 0x0000000800000000)
  region size 4096K, 18 young (73728K), 3 survivors (12288K)
 Metaspace       used 51576K, committed 53376K, reserved 1114112K
  class space    used 7694K, committed 8576K, reserved 1048576K
}
Event: 20.003 GC heap after
{Heap after GC invocations=12 (full 0):
 garbage-first heap   total 122880K, used 44742K [0x0000000600000000, 0x0000000800000000)
  region size 4096K, 3 young (12288K), 3 survivors (12288K)
 Metaspace       used 51576K, committed 53376K, reserved 1114112K
  class space    used 7694K, committed 8576K, reserved 1048576K
}
Event: 21.558 GC heap before
{Heap before GC invocations=12 (full 0):
 garbage-first heap   total 122880K, used 102086K [0x0000000600000000, 0x0000000800000000)
  region size 4096K, 17 young (69632K), 3 survivors (12288K)
 Metaspace       used 57057K, committed 58944K, reserved 1114112K
  class space    used 8481K, committed 9408K, reserved 1048576K
}
Event: 21.567 GC heap after
{Heap after GC invocations=13 (full 0):
 garbage-first heap   total 126976K, used 54674K [0x0000000600000000, 0x0000000800000000)
  region size 4096K, 3 young (12288K), 3 survivors (12288K)
 Metaspace       used 57057K, committed 58944K, reserved 1114112K
  class space    used 8481K, committed 9408K, reserved 1048576K
}
Event: 21.772 GC heap before
{Heap before GC invocations=13 (full 0):
 garbage-first heap   total 126976K, used 58770K [0x0000000600000000, 0x0000000800000000)
  region size 4096K, 5 young (20480K), 3 survivors (12288K)
 Metaspace       used 58168K, committed 60096K, reserved 1114112K
  class space    used 8619K, committed 9600K, reserved 1048576K
}
Event: 21.779 GC heap after
{Heap after GC invocations=14 (full 0):
 garbage-first heap   total 126976K, used 55244K [0x0000000600000000, 0x0000000800000000)
  region size 4096K, 1 young (4096K), 1 survivors (4096K)
 Metaspace       used 58168K, committed 60096K, reserved 1114112K
  class space    used 8619K, committed 9600K, reserved 1048576K
}
Event: 23.344 GC heap before
{Heap before GC invocations=15 (full 0):
 garbage-first heap   total 126976K, used 104396K [0x0000000600000000, 0x0000000800000000)
  region size 4096K, 14 young (57344K), 1 survivors (4096K)
 Metaspace       used 62301K, committed 64256K, reserved 1114112K
  class space    used 9201K, committed 10176K, reserved 1048576K
}
Event: 23.348 GC heap after
{Heap after GC invocations=16 (full 0):
 garbage-first heap   total 126976K, used 56493K [0x0000000600000000, 0x0000000800000000)
  region size 4096K, 1 young (4096K), 1 survivors (4096K)
 Metaspace       used 62301K, committed 64256K, reserved 1114112K
  class space    used 9201K, committed 10176K, reserved 1048576K
}
Event: 24.931 GC heap before
{Heap before GC invocations=17 (full 0):
 garbage-first heap   total 126976K, used 109741K [0x0000000600000000, 0x0000000800000000)
  region size 4096K, 14 young (57344K), 1 survivors (4096K)
 Metaspace       used 65277K, committed 67264K, reserved 1114112K
  class space    used 9634K, committed 10624K, reserved 1048576K
}
Event: 24.937 GC heap after
{Heap after GC invocations=18 (full 0):
 garbage-first heap   total 126976K, used 65055K [0x0000000600000000, 0x0000000800000000)
  region size 4096K, 2 young (8192K), 2 survivors (8192K)
 Metaspace       used 65277K, committed 67264K, reserved 1114112K
  class space    used 9634K, committed 10624K, reserved 1048576K
}
Event: 26.243 GC heap before
{Heap before GC invocations=18 (full 0):
 garbage-first heap   total 126976K, used 110111K [0x0000000600000000, 0x0000000800000000)
  region size 4096K, 13 young (53248K), 2 survivors (8192K)
 Metaspace       used 68691K, committed 70720K, reserved 1114112K
  class space    used 10152K, committed 11136K, reserved 1048576K
}
Event: 26.251 GC heap after
{Heap after GC invocations=19 (full 0):
 garbage-first heap   total 126976K, used 68168K [0x0000000600000000, 0x0000000800000000)
  region size 4096K, 1 young (4096K), 1 survivors (4096K)
 Metaspace       used 68691K, committed 70720K, reserved 1114112K
  class space    used 10152K, committed 11136K, reserved 1048576K
}

